<?xml version="1.0" encoding="UTF-8"?>
<!-- Generated by org.testng.reporters.JUnitReportReporter -->
<testsuite hostname="Z422" failures="0" tests="1" name="test.TestNg" time="0.000" errors="0" timestamp="04 Jan 2024 05:57:34 GMT" skipped="1">
  <testcase classname="test.TestNg" name="isiri" time="0.000">
    <skipped/>
  </testcase> <!-- isiri -->
</testsuite> <!-- test.TestNg -->
