<?xml version="1.0" encoding="UTF-8"?>
<!-- Generated by org.testng.reporters.JUnitReportReporter -->
<testsuite hostname="Z422" failures="0" tests="4" name="com.test.TestNg" time="91.058" errors="0" timestamp="31 Jan 2024 03:33:00 GMT" skipped="0">
  <testcase classname="com.test.TestNg" name="yourTestMethod" time="20.330"/>
  <testcase classname="com.test.TestNg" name="yourTestMethod" time="19.947"/>
  <testcase classname="com.test.TestNg" name="yourTestMethod" time="23.253"/>
  <testcase classname="com.test.TestNg" name="yourTestMethod" time="27.528"/>
</testsuite> <!-- com.test.TestNg -->
